#
# There is insufficient memory for the Java Runtime Environment to continue.
# Native memory allocation (mmap) failed to map 268435456 bytes for G1 virtual space
# Possible reasons:
#   The system is out of physical RAM or swap space
#   The process is running with CompressedOops enabled, and the Java Heap may be blocking the growth of the native heap
# Possible solutions:
#   Reduce memory load on the system
#   Increase physical memory or swap space
#   Check if swap backing store is full
#   Decrease Java heap size (-Xmx/-Xms)
#   Decrease number of Java threads
#   Decrease Java thread stack sizes (-Xss)
#   Set larger code cache with -XX:ReservedCodeCacheSize=
#   JVM is running with Zero Based Compressed Oops mode in which the Java heap is
#     placed in the first 32GB address space. The Java Heap base address is the
#     maximum limit for the native heap growth. Please use -XX:HeapBaseMinAddress
#     to set the Java Heap base and to place the Java Heap above 32GB virtual address.
# This output file may be truncated or incomplete.
#
#  Out of Memory Error (os_windows.cpp:3469), pid=20016, tid=20848
#
# JRE version:  (17.0+35) (build )
# Java VM: Java HotSpot(TM) 64-Bit Server VM (17+35-LTS-2724, mixed mode, emulated-client, sharing, tiered, compressed oops, compressed class ptrs, g1 gc, windows-amd64)
# No core dump will be written. Minidumps are not enabled by default on client versions of Windows
#

---------------  S U M M A R Y ------------

Command Line: -XX:TieredStopAtLevel=1 -Dspring.profiles.active=dev -Dspring.output.ansi.enabled=always -Dcom.sun.management.jmxremote -Dspring.jmx.enabled=true -Dspring.liveBeansView.mbeanDomain -Dspring.application.admin.enabled=true -javaagent:D:\新建文件夹\IntelliJ IDEA 2022.2.1\lib\idea_rt.jar=53472:D:\新建文件夹\IntelliJ IDEA 2022.2.1\bin -Dfile.encoding=UTF-8 com.syk.userservice.UserServiceApplication

Host: Intel(R) Core(TM) i5-7300HQ CPU @ 2.50GHz, 4 cores, 15G,  Windows 10 , 64 bit Build 19041 (10.0.19041.1889)
Time: Thu Sep 29 10:21:59 2022  Windows 10 , 64 bit Build 19041 (10.0.19041.1889) elapsed time: 0.302842 seconds (0d 0h 0m 0s)

---------------  T H R E A D  ---------------

Current thread (0x0000018739be0250):  JavaThread "Unknown thread" [_thread_in_vm, id=20848, stack(0x000000489f400000,0x000000489f500000)]

Stack: [0x000000489f400000,0x000000489f500000]
Native frames: (J=compiled Java code, j=interpreted, Vv=VM code, C=native code)
V  [jvm.dll+0x66f8ea]
V  [jvm.dll+0x7ce224]
V  [jvm.dll+0x7cf9ce]
V  [jvm.dll+0x7d0033]
V  [jvm.dll+0x242bb5]
V  [jvm.dll+0x66c909]
V  [jvm.dll+0x6613d2]
V  [jvm.dll+0x30082b]
V  [jvm.dll+0x307db6]
V  [jvm.dll+0x357a0e]
V  [jvm.dll+0x357c3f]
V  [jvm.dll+0x2d7ae8]
V  [jvm.dll+0x2d8a54]
V  [jvm.dll+0x7a00a1]
V  [jvm.dll+0x365781]
V  [jvm.dll+0x77f59c]
V  [jvm.dll+0x3e805f]
V  [jvm.dll+0x3e9b01]
C  [jli.dll+0x527b]
C  [ucrtbase.dll+0x21bb2]
C  [KERNEL32.DLL+0x17034]
C  [ntdll.dll+0x526a1]


---------------  P R O C E S S  ---------------

Threads class SMR info:
_java_thread_list=0x00007ff861f97818, length=0, elements={
}

Java Threads: ( => current thread )

Other Threads:
  0x0000018739c2cc20 GCTaskThread "GC Thread#0" [stack: 0x000000489f500000,0x000000489f600000] [id=13704]
  0x0000018739c3dac0 ConcurrentGCThread "G1 Main Marker" [stack: 0x000000489f600000,0x000000489f700000] [id=14620]
  0x0000018739c404f0 ConcurrentGCThread "G1 Conc#0" [stack: 0x000000489f700000,0x000000489f800000] [id=14960]

[error occurred during error reporting (printing all threads), id 0xc0000005, EXCEPTION_ACCESS_VIOLATION (0xc0000005) at pc=0x00007ff8617e84c7]

VM state: not at safepoint (not fully initialized)

VM Mutex/Monitor currently owned by a thread:  ([mutex/lock_event])
[0x0000018739bdb5d0] Heap_lock - owner thread: 0x0000018739be0250

Heap address: 0x0000000700a00000, size: 4086 MB, Compressed Oops mode: Zero based, Oop shift amount: 3

CDS archive(s) mapped at: [0x0000000000000000-0x0000000000000000-0x0000000000000000), size 0, SharedBaseAddress: 0x0000000800000000, ArchiveRelocationMode: 0.
Narrow klass base: 0x0000000000000000, Narrow klass shift: 0, Narrow klass range: 0x0

GC Precious Log:
<Empty>

Heap:
 garbage-first heap   total 0K, used 0K [0x0000000700a00000, 0x0000000800000000)
  region size 2048K, 0 young (0K), 0 survivors (0K)

[error occurred during error reporting (printing heap information), id 0xc0000005, EXCEPTION_ACCESS_VIOLATION (0xc0000005) at pc=0x00007ff861bc8c59]

GC Heap History (0 events):
No events

Deoptimization events (0 events):
No events

Classes unloaded (0 events):
No events

Classes redefined (0 events):
No events

Internal exceptions (0 events):
No events

VM Operations (0 events):
No events

Events (1 events):
Event: 0.249 Loaded shared library D:\Program Files\Java\jdk-17\bin\java.dll


Dynamic libraries:
0x00007ff7a7fa0000 - 0x00007ff7a7fb0000 	D:\Program Files\Java\jdk-17\bin\java.exe
0x00007ff8abcd0000 - 0x00007ff8abec8000 	C:\WINDOWS\SYSTEM32\ntdll.dll
0x00007ff8aa0f0000 - 0x00007ff8aa1ad000 	C:\WINDOWS\System32\KERNEL32.DLL
0x00007ff8a9790000 - 0x00007ff8a9a5e000 	C:\WINDOWS\System32\KERNELBASE.dll
0x00007ff8a93f0000 - 0x00007ff8a94f0000 	C:\WINDOWS\System32\ucrtbase.dll
0x00007ff894360000 - 0x00007ff89437a000 	D:\Program Files\Java\jdk-17\bin\VCRUNTIME140.dll
0x00007ff894ff0000 - 0x00007ff895008000 	D:\Program Files\Java\jdk-17\bin\jli.dll
0x00007ff8aaac0000 - 0x00007ff8aab6e000 	C:\WINDOWS\System32\ADVAPI32.dll
0x00007ff8abbf0000 - 0x00007ff8abc8e000 	C:\WINDOWS\System32\msvcrt.dll
0x00007ff8aa210000 - 0x00007ff8aa2ac000 	C:\WINDOWS\System32\sechost.dll
0x00007ff8ab780000 - 0x00007ff8ab8a5000 	C:\WINDOWS\System32\RPCRT4.dll
0x00007ff8aba50000 - 0x00007ff8abbf0000 	C:\WINDOWS\System32\USER32.dll
0x00007ff8a9a90000 - 0x00007ff8a9ab2000 	C:\WINDOWS\System32\win32u.dll
0x00007ff8ab9f0000 - 0x00007ff8aba1a000 	C:\WINDOWS\System32\GDI32.dll
0x00007ff8a9c20000 - 0x00007ff8a9d2b000 	C:\WINDOWS\System32\gdi32full.dll
0x00007ff8a96f0000 - 0x00007ff8a978d000 	C:\WINDOWS\System32\msvcp_win.dll
0x00007ff898260000 - 0x00007ff8984fa000 	C:\WINDOWS\WinSxS\amd64_microsoft.windows.common-controls_6595b64144ccf1df_6.0.19041.1110_none_60b5254171f9507e\COMCTL32.dll
0x00007ff89f960000 - 0x00007ff89f96a000 	C:\WINDOWS\SYSTEM32\VERSION.dll
0x00007ff8aaa90000 - 0x00007ff8aaac0000 	C:\WINDOWS\System32\IMM32.DLL
0x00007ff89cc90000 - 0x00007ff89cc9c000 	D:\Program Files\Java\jdk-17\bin\vcruntime140_1.dll
0x00007ff883d90000 - 0x00007ff883e1d000 	D:\Program Files\Java\jdk-17\bin\msvcp140.dll
0x00007ff861500000 - 0x00007ff8620be000 	D:\Program Files\Java\jdk-17\bin\server\jvm.dll
0x00007ff8ab770000 - 0x00007ff8ab778000 	C:\WINDOWS\System32\PSAPI.DLL
0x00007ff8a6bd0000 - 0x00007ff8a6bd9000 	C:\WINDOWS\SYSTEM32\WSOCK32.dll
0x00007ff89f920000 - 0x00007ff89f947000 	C:\WINDOWS\SYSTEM32\WINMM.dll
0x00007ff8ab3c0000 - 0x00007ff8ab42b000 	C:\WINDOWS\System32\WS2_32.dll
0x00007ff8a72a0000 - 0x00007ff8a72b2000 	C:\WINDOWS\SYSTEM32\kernel.appcore.dll
0x00007ff88fd50000 - 0x00007ff88fd5a000 	D:\Program Files\Java\jdk-17\bin\jimage.dll
0x00007ff897890000 - 0x00007ff897a74000 	C:\WINDOWS\SYSTEM32\DBGHELP.DLL
0x00007ff8962d0000 - 0x00007ff8962fc000 	C:\WINDOWS\SYSTEM32\dbgcore.DLL
0x00007ff8a95a0000 - 0x00007ff8a9622000 	C:\WINDOWS\System32\bcryptPrimitives.dll
0x00007ff89ccb0000 - 0x00007ff89ccbe000 	D:\Program Files\Java\jdk-17\bin\instrument.dll
0x00007ff88fda0000 - 0x00007ff88fdc5000 	D:\Program Files\Java\jdk-17\bin\java.dll

dbghelp: loaded successfully - version: 4.0.5 - missing functions: none
symbol engine: initialized successfully - sym options: 0x614 - pdb path: .;D:\Program Files\Java\jdk-17\bin;C:\WINDOWS\SYSTEM32;C:\WINDOWS\WinSxS\amd64_microsoft.windows.common-controls_6595b64144ccf1df_6.0.19041.1110_none_60b5254171f9507e;D:\Program Files\Java\jdk-17\bin\server

VM Arguments:
jvm_args: -XX:TieredStopAtLevel=1 -Dspring.profiles.active=dev -Dspring.output.ansi.enabled=always -Dcom.sun.management.jmxremote -Dspring.jmx.enabled=true -Dspring.liveBeansView.mbeanDomain -Dspring.application.admin.enabled=true -javaagent:D:\新建文件夹\IntelliJ IDEA 2022.2.1\lib\idea_rt.jar=53472:D:\新建文件夹\IntelliJ IDEA 2022.2.1\bin -Dfile.encoding=UTF-8 
java_command: com.syk.userservice.UserServiceApplication
java_class_path (initial): F:\user-service\target\classes;C:\Users\sunshine\.m2\repository\org\springframework\boot\spring-boot-starter-web\2.6.3\spring-boot-starter-web-2.6.3.jar;C:\Users\sunshine\.m2\repository\org\springframework\boot\spring-boot-starter\2.7.4\spring-boot-starter-2.7.4.jar;C:\Users\sunshine\.m2\repository\org\springframework\boot\spring-boot\2.7.4\spring-boot-2.7.4.jar;C:\Users\sunshine\.m2\repository\org\springframework\boot\spring-boot-autoconfigure\2.7.4\spring-boot-autoconfigure-2.7.4.jar;C:\Users\sunshine\.m2\repository\org\springframework\boot\spring-boot-starter-logging\2.7.4\spring-boot-starter-logging-2.7.4.jar;C:\Users\sunshine\.m2\repository\ch\qos\logback\logback-classic\1.2.11\logback-classic-1.2.11.jar;C:\Users\sunshine\.m2\repository\ch\qos\logback\logback-core\1.2.11\logback-core-1.2.11.jar;C:\Users\sunshine\.m2\repository\org\apache\logging\log4j\log4j-to-slf4j\2.17.1\log4j-to-slf4j-2.17.1.jar;C:\Users\sunshine\.m2\repository\org\apache\logging\log4j\log4j-api\2.17.1\log4j-api-2.17.1.jar;C:\Users\sunshine\.m2\repository\org\slf4j\jul-to-slf4j\1.7.36\jul-to-slf4j-1.7.36.jar;C:\Users\sunshine\.m2\repository\jakarta\annotation\jakarta.annotation-api\1.3.5\jakarta.annotation-api-1.3.5.jar;C:\Users\sunshine\.m2\repository\org\yaml\snakeyaml\1.30\snakeyaml-1.30.jar;C:\Users\sunshine\.m2\repository\org\springframework\boot\spring-boot-starter-json\2.7.4\spring-boot-starter-json-2.7.4.jar;C:\Users\sunshine\.m2\repository\com\fasterxml\jackson\core\jackson-databind\2.13.1\jackson-databind-2.13.1.jar;C:\Users\sunshine\.m2\repository\com\fasterxml\jackson\core\jackson-annotations\2.13.1\jackson-annotations-2.13.1.jar;C:\Users\sunshine\.m2\repository\com\fasterxml\jackson\datatype\jackson-datatype-jdk8\2.13.1\jackson-datatype-jdk8-2.13.1.jar;C:\Users\sunshine\.m2\repository\com\fasterxml\jackson\datatype\jackson-datatype-jsr310\2.13.1\jackson-datatype-jsr310-2.13.1.jar;C:\Users\sunshine\.m2\repository\com\fasterxml\jackson\module\jackson-m
Launcher Type: SUN_STANDARD

[Global flags]
     intx CICompilerCount                          = 3                                         {product} {ergonomic}
     uint ConcGCThreads                            = 1                                         {product} {ergonomic}
     uint G1ConcRefinementThreads                  = 4                                         {product} {ergonomic}
   size_t G1HeapRegionSize                         = 2097152                                   {product} {ergonomic}
    uintx GCDrainStackTargetSize                   = 64                                        {product} {ergonomic}
   size_t InitialHeapSize                          = 268435456                                 {product} {ergonomic}
     bool ManagementServer                         = true                                      {product} {command line}
   size_t MarkStackSize                            = 4194304                                   {product} {ergonomic}
   size_t MaxHeapSize                              = 4284481536                                {product} {ergonomic}
   size_t MinHeapDeltaBytes                        = 2097152                                   {product} {ergonomic}
   size_t MinHeapSize                              = 8388608                                   {product} {ergonomic}
    uintx NonProfiledCodeHeapSize                  = 0                                      {pd product} {ergonomic}
     bool ProfileInterpreter                       = false                                  {pd product} {command line}
    uintx ProfiledCodeHeapSize                     = 0                                      {pd product} {ergonomic}
   size_t SoftMaxHeapSize                          = 4284481536                             {manageable} {ergonomic}
     intx TieredStopAtLevel                        = 1                                         {product} {command line}
     bool UseCompressedClassPointers               = true                           {product lp64_product} {ergonomic}
     bool UseCompressedOops                        = true                           {product lp64_product} {ergonomic}
     bool UseG1GC                                  = true                                      {product} {ergonomic}
     bool UseLargePagesIndividualAllocation        = false                                  {pd product} {ergonomic}

Logging:
Log output configuration:
 #0: stdout all=warning uptime,level,tags
 #1: stderr all=off uptime,level,tags

Environment Variables:
JAVA_HOME=D:\Program Files\Java\jdk-17
CLASSPATH=.;D:\Program Files\Java\jdk-17\lib\dt.jar;D:\Program Files\Java\jdk-17\lib\tools.jar;
PATH=C:\Program Files\Microsoft\jdk-11.0.12.7-hotspot\bin;C:\Program Files\Common Files\Oracle\Java\javapath;C:\Program Files (x86)\Common Files\Oracle\Java\javapath;C:\Program Files (x86)\Intel\iCLS Client\D:\tomcat10\apache-tomcat-10.0.16\bin;C:\Program Files\Intel\iCLS Client\;C:\Windows\system32;C:\Windows;"D:\Program Files\Java\jdk-17\bin;D:\Program Files\Java\jdk-17\jre\bin;";";D:\Program Files\Git\cmd";D:\tomcat10\apache-tomcat-10.0.16\bin;D:\tomcat10\apache-tomcat-10.0.16\lib;"；C:\Program Files\Java\jdk1.8.0_191\bin;C:\Windows\System32\Wbem;C:\Windows\System32\WindowsPowerShell\v1.0\;C:\Program Files (x86)\NVIDIA Corporation\PhysX\Common;C:\Program Files (x86)\Intel\Intel(R) Management Engine Components\DAL;C:\Program Files\Intel\";D:\tools\MySQL Server 8.0\bin;E:\nvm;E:\nodejs_nvm;D:\nodejs;D:\nodejs\node_global;D:\weCHAT开发\微信web开发者工具\dll;C:\Users\sunshine\AppData\Local\Android\Sdk\platform-tools;D:\nodejs\;E:\Maven\apache-maven-3.8.4\bin;E:\flutterUi\flutter\bin;C:\Program Files\Microsoft SQL Server\150\Tools\Binn\;E:\flutterUi\flutter\bin\cache\dart-sdk;C:\ProgramData\chocolatey\bin;D:\tools\Erlang OTP\bin;D:\tools\rabbitmq_server-3.10.7\sbin;;D:\新建文件夹\EasyShare\x86\;D:\新建文件夹\EasyShare\x64\;C:\Users\sunshine\AppData\Local\Programs\Python\Python310\Scripts\;C:\Users\sunshine\AppData\Local\Programs\Python\Python310\;C:\Users\sunshine\AppData\Local\Programs\Python\Launcher\;C:\Program Files\Java\jdk1.8.0_191\bin;C:\Users\sunshine\AppData\Local\Microsoft\WindowsApps;E:\Microsoft VS Code\bin;D:\Program Files\Git\bin;D:\Program Files\Git\mingw64\libexec\git-core;E:\nvm;E:\nodejs_nvm;C:\Users\sunshine\AppData\Roaming\npm;;E:\迅雷下载\PyCharm Community Edition 2022.2\bin;;D:\新建文件夹\IntelliJ IDEA 2022.2.1\bin;
USERNAME=sunshine
OS=Windows_NT
PROCESSOR_IDENTIFIER=Intel64 Family 6 Model 158 Stepping 9, GenuineIntel



---------------  S Y S T E M  ---------------

OS:
 Windows 10 , 64 bit Build 19041 (10.0.19041.1889)
OS uptime: 0 days 2:28 hours
Hyper-V role detected

CPU: total 4 (initial active 4) (4 cores per cpu, 1 threads per core) family 6 model 158 stepping 9 microcode 0xb4, cx8, cmov, fxsr, mmx, 3dnowpref, sse, sse2, sse3, ssse3, sse4.1, sse4.2, popcnt, lzcnt, tsc, tscinvbit, avx, avx2, aes, erms, clmul, bmi1, bmi2, adx, fma, vzeroupper, clflush, clflushopt, hv

Memory: 4k page, system-wide physical 16340M (176M free)
TotalPageFile size 20428M (AvailPageFile size 66M)
current process WorkingSet (physical memory assigned to process): 11M, peak: 11M
current process commit charge ("private bytes"): 47M, peak: 302M

vm_info: Java HotSpot(TM) 64-Bit Server VM (17+35-LTS-2724) for windows-amd64 JRE (17+35-LTS-2724), built on Aug  5 2021 23:28:28 by "mach5one" with MS VC++ 16.8 (VS2019)

END.
